This is pdfTeX, Version 3.14159265-2.6-1.40.16 (TeX Live 2015) (preloaded format=pdflatex 2015.5.24)  6 JUN 2016 14:57
entering extended mode
 restricted \write18 enabled.
 %&-line parsing enabled.
**labbook.dtx
(./labbook.dtx
LaTeX2e <2015/01/01>
Babel <3.9l> and hyphenation patterns for 79 languages loaded.
File: labbook.dtx 2003/05/20 v1.1 LaTeX2e labbook document class
(/usr/local/texlive/2015/texmf-dist/tex/latex/base/article.cls
Document Class: article 2014/09/29 v1.4h Standard LaTeX document class
(/usr/local/texlive/2015/texmf-dist/tex/latex/base/size10.clo
File: size10.clo 2014/09/29 v1.4h Standard LaTeX file (size option)
)
\c@part=\count79
\c@section=\count80
\c@subsection=\count81
\c@subsubsection=\count82
\c@paragraph=\count83
\c@subparagraph=\count84
\c@figure=\count85
\c@table=\count86
\abovecaptionskip=\skip41
\belowcaptionskip=\skip42
\bibindent=\dimen102
)
(/usr/local/texlive/2015/texmf-dist/tex/latex/base/doc.sty
Package: doc 2014/09/29 v2.1e Standard LaTeX documentation package (FMi)
\c@StandardModuleDepth=\count87
\guard@level=\count88
\MacrocodeTopsep=\skip43
\MacroIndent=\dimen103
\macro@cnt=\count89
\MacroTopsep=\skip44
\index@excludelist=\toks14

(/usr/local/texlive/2015/texmf-dist/tex/latex/tools/multicol.sty
Package: multicol 2015/03/31 v1.8m multicolumn formatting (FMi)
\c@tracingmulticols=\count90
\mult@box=\box26
\multicol@leftmargin=\dimen104
\c@unbalance=\count91
\c@collectmore=\count92
\doublecol@number=\count93
\multicoltolerance=\count94
\multicolpretolerance=\count95
\full@width=\dimen105
\page@free=\dimen106
\premulticols=\dimen107
\postmulticols=\dimen108
\multicolsep=\skip45
\multicolbaselineskip=\skip46
\partial@page=\box27
\last@line=\box28
\maxbalancingoverflow=\dimen109
\mult@rightbox=\box29
\mult@grightbox=\box30
\mult@gfirstbox=\box31
\mult@firstbox=\box32
\@tempa=\box33
\@tempa=\box34
\@tempa=\box35
\@tempa=\box36
\@tempa=\box37
\@tempa=\box38
\@tempa=\box39
\@tempa=\box40
\@tempa=\box41
\@tempa=\box42
\@tempa=\box43
\@tempa=\box44
\@tempa=\box45
\@tempa=\box46
\@tempa=\box47
\@tempa=\box48
\@tempa=\box49
\c@columnbadness=\count96
\c@finalcolumnbadness=\count97
\last@try=\dimen110
\multicolovershoot=\dimen111
\multicolundershoot=\dimen112
\mult@nat@firstbox=\box50
\colbreak@box=\box51
\mc@col@check@num=\count98
)
\IndexMin=\dimen113
\c@IndexColumns=\count99
\GlossaryMin=\dimen114
\c@GlossaryColumns=\count100
\check@sum=\count101
\bslash@cnt=\count102
\wrong@table=\toks15
\c@CodelineNo=\count103
)
(/usr/local/texlive/2015/texmf-dist/tex/latex/marvosym/marvosym.sty
Package: marvosym 2011/07/20 v2.2 Martin Vogel's Symbols font definitions
)
\@indexfile=\write3
\openout3 = `labbook.idx'.


Writing index file labbook.idx
No file labbook.aux.
\openout1 = `labbook.aux'.

LaTeX Font Info:    Checking defaults for OML/cmm/m/it on input line 87.
LaTeX Font Info:    ... okay on input line 87.
LaTeX Font Info:    Checking defaults for T1/cmr/m/n on input line 87.
LaTeX Font Info:    ... okay on input line 87.
LaTeX Font Info:    Checking defaults for OT1/cmr/m/n on input line 87.
LaTeX Font Info:    ... okay on input line 87.
LaTeX Font Info:    Checking defaults for OMS/cmsy/m/n on input line 87.
LaTeX Font Info:    ... okay on input line 87.
LaTeX Font Info:    Checking defaults for OMX/cmex/m/n on input line 87.
LaTeX Font Info:    ... okay on input line 87.
LaTeX Font Info:    Checking defaults for U/cmr/m/n on input line 87.
LaTeX Font Info:    ... okay on input line 87.
(./labbook.dtx
\@glossaryfile=\write4
\openout4 = `labbook.glo'.


Writing glossary file labbook.glo 
Package doc Info: Made | a short reference for \verb on input line 99.
Package doc Info: Made § a short reference for \verb on input line 100.
LaTeX Font Info:    External font `cmex10' loaded for size
(Font)              <17.28> on input line 105.
LaTeX Font Info:    External font `cmex10' loaded for size
(Font)              <12> on input line 105.
LaTeX Font Info:    External font `cmex10' loaded for size
(Font)              <8> on input line 105.
LaTeX Font Info:    External font `cmex10' loaded for size
(Font)              <6> on input line 105.
LaTeX Font Info:    External font `cmex10' loaded for size
(Font)              <9> on input line 109.
LaTeX Font Info:    External font `cmex10' loaded for size
(Font)              <5> on input line 109.
No file labbook.toc.
\tf@toc=\write5
\openout5 = `labbook.toc'.

[1

{/usr/local/texlive/2015/texmf-var/fonts/map/pdftex/updmap/pdftex.map}]
[2

]
LaTeX Font Info:    External font `cmex10' loaded for size
(Font)              <7> on input line 191.
LaTeX Font Info:    Try loading font information for OMS+cmr on input line 202.

 (/usr/local/texlive/2015/texmf-dist/tex/latex/base/omscmr.fd
File: omscmr.fd 2014/09/29 v2.5h Standard LaTeX font definitions
)
LaTeX Font Info:    Font shape `OMS/cmr/bx/n' in size <12> not available
(Font)              Font shape `OMS/cmsy/b/n' tried instead on input line 202.
LaTeX Font Info:    Font shape `OT1/cmtt/bx/n' in size <12> not available
(Font)              Font shape `OT1/cmtt/m/n' tried instead on input line 202.
LaTeX Font Info:    Try loading font information for U+mvs on input line 232.

(/usr/local/texlive/2015/texmf-dist/tex/latex/marvosym/umvs.fd) [3] [4]

LaTeX Warning: Marginpar on page 5 moved.

[5] [6]

LaTeX Warning: Reference `sec:optarg-exp' on page 7 undefined on input line 485
.

[7] [8]
Missing character: There is no § in font cmsltt10!
 [9]

LaTeX Warning: Reference `sec:optarg-exp' on page 10 undefined on input line 61
6.

[10] [11]
Missing character: There is no § in font cmsltt10!
Missing character: There is no § in font cmsltt10!
 [12]
Missing character: There is no § in font cmsltt10!
 [13]

LaTeX Warning: Reference `sec:building-list-index' on page 14 undefined on inpu
t line 892.

[14]
Missing character: There is no § in font cmsltt10!
LaTeX Font Info:    Font shape `OMS/cmr/bx/n' in size <14.4> not available
(Font)              Font shape `OMS/cmsy/b/n' tried instead on input line 926.
LaTeX Font Info:    Font shape `OT1/cmtt/bx/n' in size <14.4> not available
(Font)              Font shape `OT1/cmtt/m/n' tried instead on input line 926.

Overfull \hbox (5.27791pt too wide) in paragraph at lines 926--926
[]\OT1/cmr/bx/n/14.4 Defining the new sec-tion-ing com-mands \OMS/cmsy/b/n/14.4
 n\OT1/cmtt/m/n/14.4 labday
 []


LaTeX Warning: Reference `sec:closing-entries' on page 15 undefined on input li
ne 976.

[15]
LaTeX Font Info:    Font shape `OMS/cmr/bx/n' in size <10> not available
(Font)              Font shape `OMS/cmsy/b/n' tried instead on input line 1004.

LaTeX Font Info:    Font shape `OT1/cmtt/bx/n' in size <10> not available
(Font)              Font shape `OT1/cmtt/m/n' tried instead on input line 1004.


Overfull \hbox (29.37206pt too wide) in paragraph at lines 1045--1045
 [][]         \OT1/cmtt/m/sl/9 {\raggedsection\normalfont\sectfont\nobreak\size
@section\nobreak}% 
 []

[16]
Overfull \hbox (29.37206pt too wide) in paragraph at lines 1061--1061
 [][]         \OT1/cmtt/m/sl/9 {\raggedsection\normalfont\sectfont\nobreak\size
@section\nobreak}% 
 []

LaTeX Font Info:    Font shape `OMS/cmr/m/n' in size <10> not available
(Font)              Font shape `OMS/cmsy/m/n' tried instead on input line 1069.


Overfull \hbox (52.99686pt too wide) in paragraph at lines 1139--1139
 [][]              \OT1/cmtt/m/sl/9 {\raggedsection\normalfont\sectfont\nobreak
\size@section\nobreak}% 
 []

[17]
Overfull \hbox (24.6471pt too wide) in paragraph at lines 1160--1160
 [][]        \OT1/cmtt/m/sl/9 {\raggedsection\normalfont\sectfont\nobreak\size@
section\nobreak}% 
 []

[18]
Overfull \hbox (29.37206pt too wide) in paragraph at lines 1202--1202
 [][]         \OT1/cmtt/m/sl/9 {\raggedsection\normalfont\sectfont\nobreak\size
@section\nobreak}% 
 []

[19]
Overfull \hbox (29.37206pt too wide) in paragraph at lines 1257--1257
 [][]         \OT1/cmtt/m/sl/9 {\raggedsection\normalfont\sectfont\nobreak\size
@section\nobreak}% 
 []


Overfull \hbox (29.37206pt too wide) in paragraph at lines 1257--1257
 [][]         \OT1/cmtt/m/sl/9 {\raggedsection\normalfont\sectfont\nobreak\size
@section\nobreak}% 
 []


Overfull \hbox (38.82198pt too wide) in paragraph at lines 1344--1344
 [][]           \OT1/cmtt/m/sl/9 {\raggedsection\normalfont\sectfont\nobreak\si
ze@section\nobreak}% 
 []

[20]
Overfull \hbox (29.37206pt too wide) in paragraph at lines 1344--1344
 [][]         \OT1/cmtt/m/sl/9 {\raggedsection\normalfont\sectfont\nobreak\size
@section\nobreak}% 
 []


Overfull \hbox (29.37206pt too wide) in paragraph at lines 1344--1344
 [][]         \OT1/cmtt/m/sl/9 {\raggedsection\normalfont\sectfont\nobreak\size
@section\nobreak}% 
 []

[21] [22]

LaTeX Warning: Reference `sec:hyperref-compat' on page 23 undefined on input li
ne 1460.

[23]

LaTeX Warning: Reference `sec:building-list-index' on page 24 undefined on inpu
t line 1492.

Missing character: There is no § in font cmsltt10!
[24]

LaTeX Warning: Reference `sec:redefining-addcont' on page 25 undefined on input
 line 1584.

[25] [26]
No file labbook.ind.
No file labbook.gls.
*******************
* Checksum passed *
*******************
) (./labbook.aux)

LaTeX Warning: There were undefined references.


LaTeX Warning: Label(s) may have changed. Rerun to get cross-references right.

 ) 
Here is how much of TeX's memory you used:
 937 strings out of 493089
 11080 string characters out of 6134842
 74074 words of memory out of 5000000
 4457 multiletter control sequences out of 15000+600000
 14910 words of font info for 54 fonts, out of 8000000 for 9000
 1141 hyphenation exceptions out of 8191
 26i,8n,23p,200b,297s stack positions out of 5000i,500n,10000p,200000b,80000s
</usr/local/texlive/2015/texmf-dist/fonts/type1/public/amsfonts/cm/cmbsy10.pf
b></usr/local/texlive/2015/texmf-dist/fonts/type1/public/amsfonts/cm/cmbx10.pfb
></usr/local/texlive/2015/texmf-dist/fonts/type1/public/amsfonts/cm/cmbx12.pfb>
</usr/local/texlive/2015/texmf-dist/fonts/type1/public/amsfonts/cm/cmbx9.pfb></
usr/local/texlive/2015/texmf-dist/fonts/type1/public/amsfonts/cm/cmitt10.pfb></
usr/local/texlive/2015/texmf-dist/fonts/type1/public/amsfonts/cm/cmmi9.pfb></us
r/local/texlive/2015/texmf-dist/fonts/type1/public/amsfonts/cm/cmr10.pfb></usr/
local/texlive/2015/texmf-dist/fonts/type1/public/amsfonts/cm/cmr12.pfb></usr/lo
cal/texlive/2015/texmf-dist/fonts/type1/public/amsfonts/cm/cmr17.pfb></usr/loca
l/texlive/2015/texmf-dist/fonts/type1/public/amsfonts/cm/cmr6.pfb></usr/local/t
exlive/2015/texmf-dist/fonts/type1/public/amsfonts/cm/cmr7.pfb></usr/local/texl
ive/2015/texmf-dist/fonts/type1/public/amsfonts/cm/cmr8.pfb></usr/local/texlive
/2015/texmf-dist/fonts/type1/public/amsfonts/cm/cmr9.pfb></usr/local/texlive/20
15/texmf-dist/fonts/type1/public/amsfonts/cm/cmsltt10.pfb></usr/local/texlive/2
015/texmf-dist/fonts/type1/public/amsfonts/cm/cmss9.pfb></usr/local/texlive/201
5/texmf-dist/fonts/type1/public/amsfonts/cm/cmsy10.pfb></usr/local/texlive/2015
/texmf-dist/fonts/type1/public/amsfonts/cm/cmsy9.pfb></usr/local/texlive/2015/t
exmf-dist/fonts/type1/public/amsfonts/cm/cmti10.pfb></usr/local/texlive/2015/te
xmf-dist/fonts/type1/public/amsfonts/cm/cmti8.pfb></usr/local/texlive/2015/texm
f-dist/fonts/type1/public/amsfonts/cm/cmtt10.pfb></usr/local/texlive/2015/texmf
-dist/fonts/type1/public/amsfonts/cm/cmtt12.pfb></usr/local/texlive/2015/texmf-
dist/fonts/type1/public/amsfonts/cm/cmtt8.pfb></usr/local/texlive/2015/texmf-di
st/fonts/type1/public/amsfonts/cm/cmtt9.pfb></usr/local/texlive/2015/texmf-dist
/fonts/type1/public/marvosym/marvosym.pfb>
Output written on labbook.pdf (26 pages, 299940 bytes).
PDF statistics:
 185 PDF objects out of 1000 (max. 8388607)
 131 compressed objects within 2 object streams
 0 named destinations out of 1000 (max. 500000)
 1 words of extra memory for PDF output out of 10000 (max. 10000000)

