\BOOKMARK [0][-]{chapter*.2}{General}{}% 1
\BOOKMARK [1][-]{experiment.1.1}{R Notes}{chapter*.2}% 2
\BOOKMARK [1][-]{experiment.1.2}{TODOs}{chapter*.2}% 3
\BOOKMARK [0][-]{chapter*.3}{May 13, 2016 Notes}{}% 4
\BOOKMARK [1][-]{experiment.2.1}{PANSE Concepts}{chapter*.3}% 5
\BOOKMARK [1][-]{experiment.2.2}{TODOs}{chapter*.3}% 6
\BOOKMARK [0][-]{chapter*.4}{May 19, 2016 Notes}{}% 7
\BOOKMARK [1][-]{experiment.3.1}{PANSE Concepts}{chapter*.4}% 8
\BOOKMARK [0][-]{chapter*.5}{May 25, 2016 Notes}{}% 9
\BOOKMARK [1][-]{experiment.4.1}{PANSE Concepts}{chapter*.5}% 10
\BOOKMARK [1][-]{experiment.4.2}{Parallelization}{chapter*.5}% 11
\BOOKMARK [0][-]{chapter*.6}{May 26, 2016 Notes}{}% 12
\BOOKMARK [1][-]{experiment.5.1}{Parallelization}{chapter*.6}% 13
\BOOKMARK [0][-]{chapter*.7}{May 31, 2016 Notes}{}% 14
\BOOKMARK [1][-]{experiment.6.1}{Parallelization}{chapter*.7}% 15
\BOOKMARK [0][-]{chapter*.8}{June 1, 2016 Notes}{}% 16
\BOOKMARK [1][-]{experiment.7.1}{Parallelization}{chapter*.8}% 17
\BOOKMARK [1][-]{experiment.7.2}{PANSE Implementation}{chapter*.8}% 18
\BOOKMARK [0][-]{chapter*.9}{June 2, 2016 Notes}{}% 19
\BOOKMARK [1][-]{experiment.8.1}{PANSE Implementation}{chapter*.9}% 20
\BOOKMARK [1][-]{experiment.8.2}{Lareau Data}{chapter*.9}% 21
\BOOKMARK [0][-]{chapter*.10}{June 3, 2016 Notes}{}% 22
\BOOKMARK [1][-]{experiment.9.1}{Lareau Data}{chapter*.10}% 23
\BOOKMARK [0][-]{chapter*.11}{June 6, 2016 Notes}{}% 24
\BOOKMARK [1][-]{experiment.10.1}{TODOs}{chapter*.11}% 25
\BOOKMARK [1][-]{experiment.10.2}{Lareau Data}{chapter*.11}% 26
\BOOKMARK [0][-]{chapter*.12}{June 7, 2016 Notes}{}% 27
\BOOKMARK [1][-]{experiment.11.1}{TODOs}{chapter*.12}% 28
\BOOKMARK [1][-]{experiment.11.2}{Unit Testing}{chapter*.12}% 29
\BOOKMARK [0][-]{chapter*.13}{June 8, 2016 Notes}{}% 30
\BOOKMARK [1][-]{experiment.12.1}{Unit Testing}{chapter*.13}% 31
\BOOKMARK [1][-]{experiment.12.2}{TODOs}{chapter*.13}% 32
\BOOKMARK [0][-]{chapter*.14}{June 9, 2016 Notes}{}% 33
\BOOKMARK [1][-]{experiment.13.1}{TODOs}{chapter*.14}% 34
\BOOKMARK [0][-]{chapter*.15}{June 10, 2016 Notes}{}% 35
\BOOKMARK [0][-]{chapter*.16}{June 11, 2016 Notes}{}% 36
\BOOKMARK [0][-]{chapter*.17}{June 13, 2016 Notes}{}% 37
\BOOKMARK [1][-]{experiment.16.1}{TODOs}{chapter*.17}% 38
\BOOKMARK [0][-]{chapter*.18}{June 14, 2016 Notes}{}% 39
\BOOKMARK [1][-]{experiment.17.1}{Traces}{chapter*.18}% 40
\BOOKMARK [0][-]{chapter*.19}{June 15, 2016 Notes}{}% 41
\BOOKMARK [1][-]{experiment.18.1}{TODOs}{chapter*.19}% 42
\BOOKMARK [0][-]{chapter*.20}{June 16, 2016 Notes}{}% 43
\BOOKMARK [0][-]{chapter*.21}{June 17, 2016 Notes}{}% 44
